2024-10-12 19:59:43,259 [Worker-16] INFO  o.e.m.c.i.p.ProjectConfigurationManager - Collecting project info '/pom.xml' C:\Users\amocl\OneDrive\Escritorio\LP2_T2\LPII_CL2_CABRERACASTANEDACARLOS\pom.xml
2024-10-12 19:59:48,111 [Worker-16] INFO  o.e.m.c.i.l.LifecycleMappingFactory - Using org.maven.ide.eclipse.wtp.WarLifecycleMapping lifecycle mapping for MavenProject: com.examen.maven:LPII_CL2_CABRERACASTANEDACARLOS:0.0.1-SNAPSHOT @ C:\Users\amocl\OneDrive\Escritorio\LP2_T2\LPII_CL2_CABRERACASTANEDACARLOS\pom.xml.
2024-10-12 19:59:50,181 [Worker-16] INFO  o.e.m.j.i.AbstractJavaProjectConfigurator - Adding source folder /LPII_CL2_CABRERACASTANEDACARLOS/src/main/java
2024-10-12 19:59:50,181 [Worker-16] INFO  o.e.m.j.i.AbstractJavaProjectConfigurator - Adding resource folder /LPII_CL2_CABRERACASTANEDACARLOS/src/main/resources
2024-10-12 19:59:50,182 [Worker-16] INFO  o.e.m.j.i.AbstractJavaProjectConfigurator - Adding source folder /LPII_CL2_CABRERACASTANEDACARLOS/src/test/java
2024-10-12 19:59:52,736 [Worker-16] INFO  o.e.m.c.i.p.ProjectConfigurationManager - Imported and configured 1 project(s) in 9 sec
2024-10-12 19:59:53,356 [Worker-14] WARN  o.e.m.c.i.embedder.EclipseLogger - Using platform encoding (Cp1252 actually) to copy filtered resources, i.e. build is platform dependent!
2024-10-12 19:59:53,365 [Worker-14] INFO  o.e.m.c.i.embedder.EclipseLogger - Copying 0 resource
2024-10-12 19:59:53,370 [Worker-14] WARN  o.e.m.c.i.embedder.EclipseLogger - Using platform encoding (Cp1252 actually) to copy filtered resources, i.e. build is platform dependent!
2024-10-12 19:59:53,371 [Worker-14] INFO  o.e.m.c.i.embedder.EclipseLogger - skip non existing resourceDirectory C:\Users\amocl\OneDrive\Escritorio\LP2_T2\LPII_CL2_CABRERACASTANEDACARLOS\src\test\resources
2024-10-12 19:59:55,635 [Worker-21] WARN  o.e.m.c.i.embedder.EclipseLogger - Using platform encoding (Cp1252 actually) to copy filtered resources, i.e. build is platform dependent!
2024-10-12 19:59:55,638 [Worker-21] INFO  o.e.m.c.i.embedder.EclipseLogger - Copying 0 resource
2024-10-12 19:59:55,639 [Worker-21] WARN  o.e.m.c.i.embedder.EclipseLogger - Using platform encoding (Cp1252 actually) to copy filtered resources, i.e. build is platform dependent!
2024-10-12 19:59:55,639 [Worker-21] INFO  o.e.m.c.i.embedder.EclipseLogger - skip non existing resourceDirectory C:\Users\amocl\OneDrive\Escritorio\LP2_T2\LPII_CL2_CABRERACASTANEDACARLOS\src\test\resources
2024-10-12 20:02:33,791 [Worker-35] INFO  o.e.m.c.i.l.LifecycleMappingFactory - Using org.maven.ide.eclipse.wtp.WarLifecycleMapping lifecycle mapping for MavenProject: com.examen.maven:LPII_CL2_CABRERACASTANEDACARLOS:0.0.1-SNAPSHOT @ C:\Users\amocl\OneDrive\Escritorio\LP2_T2\LPII_CL2_CABRERACASTANEDACARLOS\pom.xml.
2024-10-12 20:02:38,181 [Worker-35] WARN  o.e.m.c.i.embedder.EclipseLogger - Using platform encoding (Cp1252 actually) to copy filtered resources, i.e. build is platform dependent!
2024-10-12 20:02:38,181 [Worker-35] INFO  o.e.m.c.i.embedder.EclipseLogger - Copying 0 resource
2024-10-12 20:02:38,181 [Worker-35] WARN  o.e.m.c.i.embedder.EclipseLogger - Using platform encoding (Cp1252 actually) to copy filtered resources, i.e. build is platform dependent!
2024-10-12 20:02:38,189 [Worker-35] INFO  o.e.m.c.i.embedder.EclipseLogger - skip non existing resourceDirectory C:\Users\amocl\OneDrive\Escritorio\LP2_T2\LPII_CL2_CABRERACASTANEDACARLOS\src\test\resources
2024-10-12 20:02:38,191 [Worker-35] INFO  o.e.m.w.i.f.ResourceFilteringBuildParticipant - Changed resources require a complete clean of filtered resources of LPII_CL2_CABRERACASTANEDACARLOS
2024-10-12 20:02:38,191 [Worker-35] INFO  o.e.m.w.i.f.ResourceFilteringBuildParticipant - Executing resource filtering for LPII_CL2_CABRERACASTANEDACARLOS
2024-10-12 20:02:38,196 [Worker-35] WARN  o.e.m.c.i.embedder.EclipseLogger - Using platform encoding (Cp1252 actually) to copy filtered resources, i.e. build is platform dependent!
2024-10-12 20:02:40,430 [Worker-25] WARN  o.e.m.c.i.embedder.EclipseLogger - Using platform encoding (Cp1252 actually) to copy filtered resources, i.e. build is platform dependent!
2024-10-12 20:02:40,430 [Worker-25] INFO  o.e.m.c.i.embedder.EclipseLogger - Copying 0 resource
2024-10-12 20:02:40,433 [Worker-25] WARN  o.e.m.c.i.embedder.EclipseLogger - Using platform encoding (Cp1252 actually) to copy filtered resources, i.e. build is platform dependent!
2024-10-12 20:02:40,433 [Worker-25] INFO  o.e.m.c.i.embedder.EclipseLogger - skip non existing resourceDirectory C:\Users\amocl\OneDrive\Escritorio\LP2_T2\LPII_CL2_CABRERACASTANEDACARLOS\src\test\resources
2024-10-12 20:03:11,979 [Worker-33] WARN  o.e.m.c.i.embedder.EclipseLogger - Using platform encoding (Cp1252 actually) to copy filtered resources, i.e. build is platform dependent!
2024-10-12 20:03:11,981 [Worker-33] INFO  o.e.m.c.i.embedder.EclipseLogger - Copying 0 resource
2024-10-12 20:03:11,982 [Worker-33] WARN  o.e.m.c.i.embedder.EclipseLogger - Using platform encoding (Cp1252 actually) to copy filtered resources, i.e. build is platform dependent!
2024-10-12 20:03:11,983 [Worker-33] INFO  o.e.m.c.i.embedder.EclipseLogger - skip non existing resourceDirectory C:\Users\amocl\OneDrive\Escritorio\LP2_T2\LPII_CL2_CABRERACASTANEDACARLOS\src\test\resources
2024-10-12 20:03:31,791 [Worker-26] WARN  o.e.m.c.i.embedder.EclipseLogger - Using platform encoding (Cp1252 actually) to copy filtered resources, i.e. build is platform dependent!
2024-10-12 20:03:31,794 [Worker-26] INFO  o.e.m.c.i.embedder.EclipseLogger - Copying 0 resource
2024-10-12 20:03:31,795 [Worker-26] WARN  o.e.m.c.i.embedder.EclipseLogger - Using platform encoding (Cp1252 actually) to copy filtered resources, i.e. build is platform dependent!
2024-10-12 20:03:31,796 [Worker-26] INFO  o.e.m.c.i.embedder.EclipseLogger - skip non existing resourceDirectory C:\Users\amocl\OneDrive\Escritorio\LP2_T2\LPII_CL2_CABRERACASTANEDACARLOS\src\test\resources
2024-10-12 20:03:49,401 [Worker-35] WARN  o.e.m.c.i.embedder.EclipseLogger - Using platform encoding (Cp1252 actually) to copy filtered resources, i.e. build is platform dependent!
2024-10-12 20:03:49,402 [Worker-35] INFO  o.e.m.c.i.embedder.EclipseLogger - Copying 0 resource
2024-10-12 20:03:49,404 [Worker-35] WARN  o.e.m.c.i.embedder.EclipseLogger - Using platform encoding (Cp1252 actually) to copy filtered resources, i.e. build is platform dependent!
2024-10-12 20:03:49,405 [Worker-35] INFO  o.e.m.c.i.embedder.EclipseLogger - skip non existing resourceDirectory C:\Users\amocl\OneDrive\Escritorio\LP2_T2\LPII_CL2_CABRERACASTANEDACARLOS\src\test\resources
2024-10-12 20:03:58,143 [Worker-22] WARN  o.e.m.c.i.embedder.EclipseLogger - Using platform encoding (Cp1252 actually) to copy filtered resources, i.e. build is platform dependent!
2024-10-12 20:03:58,144 [Worker-22] INFO  o.e.m.c.i.embedder.EclipseLogger - Copying 0 resource
2024-10-12 20:03:58,145 [Worker-22] WARN  o.e.m.c.i.embedder.EclipseLogger - Using platform encoding (Cp1252 actually) to copy filtered resources, i.e. build is platform dependent!
2024-10-12 20:03:58,147 [Worker-22] INFO  o.e.m.c.i.embedder.EclipseLogger - skip non existing resourceDirectory C:\Users\amocl\OneDrive\Escritorio\LP2_T2\LPII_CL2_CABRERACASTANEDACARLOS\src\test\resources
2024-10-12 20:04:53,265 [Worker-35] WARN  o.e.m.c.i.embedder.EclipseLogger - Using platform encoding (Cp1252 actually) to copy filtered resources, i.e. build is platform dependent!
2024-10-12 20:04:53,266 [Worker-35] INFO  o.e.m.c.i.embedder.EclipseLogger - Copying 0 resource
2024-10-12 20:04:53,267 [Worker-35] WARN  o.e.m.c.i.embedder.EclipseLogger - Using platform encoding (Cp1252 actually) to copy filtered resources, i.e. build is platform dependent!
2024-10-12 20:04:53,268 [Worker-35] INFO  o.e.m.c.i.embedder.EclipseLogger - skip non existing resourceDirectory C:\Users\amocl\OneDrive\Escritorio\LP2_T2\LPII_CL2_CABRERACASTANEDACARLOS\src\test\resources
2024-10-12 20:05:02,319 [Worker-30] INFO  o.e.m.c.i.p.ProjectConfigurationManager - Update started
2024-10-12 20:05:02,791 [Worker-30] INFO  o.e.m.c.i.l.LifecycleMappingFactory - Using org.maven.ide.eclipse.wtp.WarLifecycleMapping lifecycle mapping for MavenProject: com.examen.maven:LPII_CL2_CABRERACASTANEDACARLOS:0.0.1-SNAPSHOT @ C:\Users\amocl\OneDrive\Escritorio\LP2_T2\LPII_CL2_CABRERACASTANEDACARLOS\pom.xml.
2024-10-12 20:05:03,903 [Worker-30] INFO  o.e.m.j.i.AbstractJavaProjectConfigurator - Adding source folder /LPII_CL2_CABRERACASTANEDACARLOS/src/main/java
2024-10-12 20:05:03,904 [Worker-30] INFO  o.e.m.j.i.AbstractJavaProjectConfigurator - Adding resource folder /LPII_CL2_CABRERACASTANEDACARLOS/src/main/resources
2024-10-12 20:05:03,904 [Worker-30] INFO  o.e.m.j.i.AbstractJavaProjectConfigurator - Adding source folder /LPII_CL2_CABRERACASTANEDACARLOS/src/test/java
2024-10-12 20:05:04,995 [Worker-30] INFO  o.e.m.w.i.f.ResourceFilteringBuildParticipant - Cleaning filtered folder for LPII_CL2_CABRERACASTANEDACARLOS
2024-10-12 20:05:04,998 [Worker-30] INFO  o.e.m.c.i.p.ProjectConfigurationManager - Update completed: 2 sec
2024-10-12 20:05:06,056 [Worker-0] WARN  o.e.m.c.i.embedder.EclipseLogger - Using platform encoding (Cp1252 actually) to copy filtered resources, i.e. build is platform dependent!
2024-10-12 20:05:06,057 [Worker-0] INFO  o.e.m.c.i.embedder.EclipseLogger - Copying 0 resource
2024-10-12 20:05:06,058 [Worker-0] WARN  o.e.m.c.i.embedder.EclipseLogger - Using platform encoding (Cp1252 actually) to copy filtered resources, i.e. build is platform dependent!
2024-10-12 20:05:06,059 [Worker-0] INFO  o.e.m.c.i.embedder.EclipseLogger - skip non existing resourceDirectory C:\Users\amocl\OneDrive\Escritorio\LP2_T2\LPII_CL2_CABRERACASTANEDACARLOS\src\test\resources
2024-10-12 20:05:06,059 [Worker-0] INFO  o.e.m.w.i.f.ResourceFilteringBuildParticipant - Changed resources require a complete clean of filtered resources of LPII_CL2_CABRERACASTANEDACARLOS
2024-10-12 20:05:06,059 [Worker-0] INFO  o.e.m.w.i.f.ResourceFilteringBuildParticipant - Executing resource filtering for LPII_CL2_CABRERACASTANEDACARLOS
2024-10-12 20:05:06,063 [Worker-0] WARN  o.e.m.c.i.embedder.EclipseLogger - Using platform encoding (Cp1252 actually) to copy filtered resources, i.e. build is platform dependent!
2024-10-12 20:06:18,071 [Worker-28] WARN  o.e.m.c.i.embedder.EclipseLogger - Using platform encoding (Cp1252 actually) to copy filtered resources, i.e. build is platform dependent!
2024-10-12 20:06:18,074 [Worker-28] INFO  o.e.m.c.i.embedder.EclipseLogger - Copying 0 resource
2024-10-12 20:06:18,075 [Worker-28] WARN  o.e.m.c.i.embedder.EclipseLogger - Using platform encoding (Cp1252 actually) to copy filtered resources, i.e. build is platform dependent!
2024-10-12 20:06:18,076 [Worker-28] INFO  o.e.m.c.i.embedder.EclipseLogger - skip non existing resourceDirectory C:\Users\amocl\OneDrive\Escritorio\LP2_T2\LPII_CL2_CABRERACASTANEDACARLOS\src\test\resources
2024-10-12 20:06:20,842 [Worker-31] WARN  o.e.m.c.i.embedder.EclipseLogger - Using platform encoding (Cp1252 actually) to copy filtered resources, i.e. build is platform dependent!
2024-10-12 20:06:20,844 [Worker-31] INFO  o.e.m.c.i.embedder.EclipseLogger - Copying 0 resource
2024-10-12 20:06:20,845 [Worker-31] WARN  o.e.m.c.i.embedder.EclipseLogger - Using platform encoding (Cp1252 actually) to copy filtered resources, i.e. build is platform dependent!
2024-10-12 20:06:20,846 [Worker-31] INFO  o.e.m.c.i.embedder.EclipseLogger - skip non existing resourceDirectory C:\Users\amocl\OneDrive\Escritorio\LP2_T2\LPII_CL2_CABRERACASTANEDACARLOS\src\test\resources
2024-10-12 20:06:54,473 [Worker-23] WARN  o.e.r.models.ModelRepository - Failed to download org.eclipse.recommenders:index::zip:0.0.0
org.eclipse.aether.resolution.ArtifactResolutionException: Could not find artifact org.eclipse.recommenders:index:zip:0.0.0-SNAPSHOT in models (http://download.eclipse.org/recommenders/models/mars/)
	at org.eclipse.aether.internal.impl.DefaultArtifactResolver.resolve(DefaultArtifactResolver.java:444) ~[na:na]
	at org.eclipse.aether.internal.impl.DefaultArtifactResolver.resolveArtifacts(DefaultArtifactResolver.java:246) ~[na:na]
	at org.eclipse.aether.internal.impl.DefaultArtifactResolver.resolveArtifact(DefaultArtifactResolver.java:223) ~[na:na]
	at org.eclipse.aether.internal.impl.DefaultRepositorySystem.resolveArtifact(DefaultRepositorySystem.java:294) ~[na:na]
	at org.eclipse.recommenders.models.ModelRepository.resolveInternal(ModelRepository.java:192) [org.eclipse.recommenders.models_2.3.0.v20160216-1255.jar:na]
	at org.eclipse.recommenders.models.ModelRepository.resolve(ModelRepository.java:174) [org.eclipse.recommenders.models_2.3.0.v20160216-1255.jar:na]
	at org.eclipse.recommenders.internal.models.rcp.EclipseModelRepository.resolve(EclipseModelRepository.java:165) [org.eclipse.recommenders.models.rcp_2.3.0.v20160216-1255.jar:na]
	at org.eclipse.recommenders.internal.models.rcp.DownloadModelArchiveJob.run(DownloadModelArchiveJob.java:76) [org.eclipse.recommenders.models.rcp_2.3.0.v20160216-1255.jar:na]
	at org.eclipse.core.internal.jobs.Worker.run(Worker.java:55) [org.eclipse.core.jobs_3.7.0.v20150330-2103.jar:na]
Caused by: org.eclipse.aether.transfer.ArtifactNotFoundException: Could not find artifact org.eclipse.recommenders:index:zip:0.0.0-SNAPSHOT in models (http://download.eclipse.org/recommenders/models/mars/)
	at org.eclipse.aether.connector.basic.ArtifactTransportListener.transferFailed(ArtifactTransportListener.java:39) ~[org.eclipse.aether.connector.basic_1.0.1.v20141111.jar:na]
	at org.eclipse.aether.connector.basic.BasicRepositoryConnector$TaskRunner.run(BasicRepositoryConnector.java:355) ~[org.eclipse.aether.connector.basic_1.0.1.v20141111.jar:na]
	at org.eclipse.aether.util.concurrency.RunnableErrorForwarder$1.run(RunnableErrorForwarder.java:67) ~[na:na]
	at org.eclipse.aether.connector.basic.BasicRepositoryConnector$DirectExecutor.execute(BasicRepositoryConnector.java:581) ~[org.eclipse.aether.connector.basic_1.0.1.v20141111.jar:na]
	at org.eclipse.aether.connector.basic.BasicRepositoryConnector.get(BasicRepositoryConnector.java:249) ~[org.eclipse.aether.connector.basic_1.0.1.v20141111.jar:na]
	at org.eclipse.aether.internal.impl.DefaultArtifactResolver.performDownloads(DefaultArtifactResolver.java:520) ~[na:na]
	at org.eclipse.aether.internal.impl.DefaultArtifactResolver.resolve(DefaultArtifactResolver.java:421) ~[na:na]
	... 8 common frames omitted
2024-10-12 20:06:59,839 [Worker-26] WARN  o.e.m.c.i.embedder.EclipseLogger - Using platform encoding (Cp1252 actually) to copy filtered resources, i.e. build is platform dependent!
2024-10-12 20:06:59,841 [Worker-26] INFO  o.e.m.c.i.embedder.EclipseLogger - Copying 0 resource
2024-10-12 20:06:59,841 [Worker-26] WARN  o.e.m.c.i.embedder.EclipseLogger - Using platform encoding (Cp1252 actually) to copy filtered resources, i.e. build is platform dependent!
2024-10-12 20:06:59,842 [Worker-26] INFO  o.e.m.c.i.embedder.EclipseLogger - skip non existing resourceDirectory C:\Users\amocl\OneDrive\Escritorio\LP2_T2\LPII_CL2_CABRERACASTANEDACARLOS\src\test\resources
2024-10-12 20:07:10,689 [Worker-36] WARN  o.e.m.c.i.embedder.EclipseLogger - Using platform encoding (Cp1252 actually) to copy filtered resources, i.e. build is platform dependent!
2024-10-12 20:07:10,690 [Worker-36] INFO  o.e.m.c.i.embedder.EclipseLogger - Copying 0 resource
2024-10-12 20:07:10,691 [Worker-36] WARN  o.e.m.c.i.embedder.EclipseLogger - Using platform encoding (Cp1252 actually) to copy filtered resources, i.e. build is platform dependent!
2024-10-12 20:07:10,691 [Worker-36] INFO  o.e.m.c.i.embedder.EclipseLogger - skip non existing resourceDirectory C:\Users\amocl\OneDrive\Escritorio\LP2_T2\LPII_CL2_CABRERACASTANEDACARLOS\src\test\resources
2024-10-12 20:07:15,682 [Worker-34] WARN  o.e.m.c.i.embedder.EclipseLogger - Using platform encoding (Cp1252 actually) to copy filtered resources, i.e. build is platform dependent!
2024-10-12 20:07:15,682 [Worker-34] INFO  o.e.m.c.i.embedder.EclipseLogger - Copying 0 resource
2024-10-12 20:07:15,683 [Worker-34] WARN  o.e.m.c.i.embedder.EclipseLogger - Using platform encoding (Cp1252 actually) to copy filtered resources, i.e. build is platform dependent!
2024-10-12 20:07:15,684 [Worker-34] INFO  o.e.m.c.i.embedder.EclipseLogger - skip non existing resourceDirectory C:\Users\amocl\OneDrive\Escritorio\LP2_T2\LPII_CL2_CABRERACASTANEDACARLOS\src\test\resources
2024-10-12 20:07:25,782 [Worker-36] WARN  o.e.m.c.i.embedder.EclipseLogger - Using platform encoding (Cp1252 actually) to copy filtered resources, i.e. build is platform dependent!
2024-10-12 20:07:25,784 [Worker-36] INFO  o.e.m.c.i.embedder.EclipseLogger - Copying 0 resource
2024-10-12 20:07:25,785 [Worker-36] WARN  o.e.m.c.i.embedder.EclipseLogger - Using platform encoding (Cp1252 actually) to copy filtered resources, i.e. build is platform dependent!
2024-10-12 20:07:25,786 [Worker-36] INFO  o.e.m.c.i.embedder.EclipseLogger - skip non existing resourceDirectory C:\Users\amocl\OneDrive\Escritorio\LP2_T2\LPII_CL2_CABRERACASTANEDACARLOS\src\test\resources
2024-10-12 20:07:35,076 [Worker-28] WARN  o.e.m.c.i.embedder.EclipseLogger - Using platform encoding (Cp1252 actually) to copy filtered resources, i.e. build is platform dependent!
2024-10-12 20:07:35,077 [Worker-28] INFO  o.e.m.c.i.embedder.EclipseLogger - Copying 0 resource
2024-10-12 20:07:35,078 [Worker-28] WARN  o.e.m.c.i.embedder.EclipseLogger - Using platform encoding (Cp1252 actually) to copy filtered resources, i.e. build is platform dependent!
2024-10-12 20:07:35,079 [Worker-28] INFO  o.e.m.c.i.embedder.EclipseLogger - skip non existing resourceDirectory C:\Users\amocl\OneDrive\Escritorio\LP2_T2\LPII_CL2_CABRERACASTANEDACARLOS\src\test\resources
2024-10-12 20:08:07,990 [Worker-22] WARN  o.e.m.c.i.embedder.EclipseLogger - Using platform encoding (Cp1252 actually) to copy filtered resources, i.e. build is platform dependent!
2024-10-12 20:08:07,993 [Worker-22] INFO  o.e.m.c.i.embedder.EclipseLogger - Copying 0 resource
2024-10-12 20:08:07,994 [Worker-22] WARN  o.e.m.c.i.embedder.EclipseLogger - Using platform encoding (Cp1252 actually) to copy filtered resources, i.e. build is platform dependent!
2024-10-12 20:08:07,995 [Worker-22] INFO  o.e.m.c.i.embedder.EclipseLogger - skip non existing resourceDirectory C:\Users\amocl\OneDrive\Escritorio\LP2_T2\LPII_CL2_CABRERACASTANEDACARLOS\src\test\resources
2024-10-12 20:08:20,040 [Worker-34] WARN  o.e.m.c.i.embedder.EclipseLogger - Using platform encoding (Cp1252 actually) to copy filtered resources, i.e. build is platform dependent!
2024-10-12 20:08:20,041 [Worker-34] INFO  o.e.m.c.i.embedder.EclipseLogger - Copying 0 resource
2024-10-12 20:08:20,042 [Worker-34] WARN  o.e.m.c.i.embedder.EclipseLogger - Using platform encoding (Cp1252 actually) to copy filtered resources, i.e. build is platform dependent!
2024-10-12 20:08:20,043 [Worker-34] INFO  o.e.m.c.i.embedder.EclipseLogger - skip non existing resourceDirectory C:\Users\amocl\OneDrive\Escritorio\LP2_T2\LPII_CL2_CABRERACASTANEDACARLOS\src\test\resources
2024-10-12 20:08:36,134 [Worker-22] WARN  o.e.m.c.i.embedder.EclipseLogger - Using platform encoding (Cp1252 actually) to copy filtered resources, i.e. build is platform dependent!
2024-10-12 20:08:36,136 [Worker-22] INFO  o.e.m.c.i.embedder.EclipseLogger - Copying 0 resource
2024-10-12 20:08:36,137 [Worker-22] WARN  o.e.m.c.i.embedder.EclipseLogger - Using platform encoding (Cp1252 actually) to copy filtered resources, i.e. build is platform dependent!
2024-10-12 20:08:36,137 [Worker-22] INFO  o.e.m.c.i.embedder.EclipseLogger - skip non existing resourceDirectory C:\Users\amocl\OneDrive\Escritorio\LP2_T2\LPII_CL2_CABRERACASTANEDACARLOS\src\test\resources
2024-10-12 20:08:51,101 [Worker-35] WARN  o.e.m.c.i.embedder.EclipseLogger - Using platform encoding (Cp1252 actually) to copy filtered resources, i.e. build is platform dependent!
2024-10-12 20:08:51,104 [Worker-35] INFO  o.e.m.c.i.embedder.EclipseLogger - Copying 0 resource
2024-10-12 20:08:51,104 [Worker-35] WARN  o.e.m.c.i.embedder.EclipseLogger - Using platform encoding (Cp1252 actually) to copy filtered resources, i.e. build is platform dependent!
2024-10-12 20:08:51,105 [Worker-35] INFO  o.e.m.c.i.embedder.EclipseLogger - skip non existing resourceDirectory C:\Users\amocl\OneDrive\Escritorio\LP2_T2\LPII_CL2_CABRERACASTANEDACARLOS\src\test\resources
2024-10-12 20:09:08,067 [Worker-28] WARN  o.e.m.c.i.embedder.EclipseLogger - Using platform encoding (Cp1252 actually) to copy filtered resources, i.e. build is platform dependent!
2024-10-12 20:09:08,068 [Worker-28] INFO  o.e.m.c.i.embedder.EclipseLogger - Copying 0 resource
2024-10-12 20:09:08,069 [Worker-28] WARN  o.e.m.c.i.embedder.EclipseLogger - Using platform encoding (Cp1252 actually) to copy filtered resources, i.e. build is platform dependent!
2024-10-12 20:09:08,070 [Worker-28] INFO  o.e.m.c.i.embedder.EclipseLogger - skip non existing resourceDirectory C:\Users\amocl\OneDrive\Escritorio\LP2_T2\LPII_CL2_CABRERACASTANEDACARLOS\src\test\resources
2024-10-12 20:10:48,586 [Worker-26] WARN  o.e.m.c.i.embedder.EclipseLogger - Using platform encoding (Cp1252 actually) to copy filtered resources, i.e. build is platform dependent!
2024-10-12 20:10:48,587 [Worker-26] INFO  o.e.m.c.i.embedder.EclipseLogger - Copying 0 resource
2024-10-12 20:10:48,588 [Worker-26] WARN  o.e.m.c.i.embedder.EclipseLogger - Using platform encoding (Cp1252 actually) to copy filtered resources, i.e. build is platform dependent!
2024-10-12 20:10:48,589 [Worker-26] INFO  o.e.m.c.i.embedder.EclipseLogger - skip non existing resourceDirectory C:\Users\amocl\OneDrive\Escritorio\LP2_T2\LPII_CL2_CABRERACASTANEDACARLOS\src\test\resources
2024-10-12 20:12:02,434 [Worker-34] WARN  o.e.m.c.i.embedder.EclipseLogger - Using platform encoding (Cp1252 actually) to copy filtered resources, i.e. build is platform dependent!
2024-10-12 20:12:02,436 [Worker-34] INFO  o.e.m.c.i.embedder.EclipseLogger - Copying 0 resource
2024-10-12 20:12:02,436 [Worker-34] WARN  o.e.m.c.i.embedder.EclipseLogger - Using platform encoding (Cp1252 actually) to copy filtered resources, i.e. build is platform dependent!
2024-10-12 20:12:02,437 [Worker-34] INFO  o.e.m.c.i.embedder.EclipseLogger - skip non existing resourceDirectory C:\Users\amocl\OneDrive\Escritorio\LP2_T2\LPII_CL2_CABRERACASTANEDACARLOS\src\test\resources
2024-10-12 20:12:45,990 [Worker-31] WARN  o.e.m.c.i.embedder.EclipseLogger - Using platform encoding (Cp1252 actually) to copy filtered resources, i.e. build is platform dependent!
2024-10-12 20:12:45,993 [Worker-31] INFO  o.e.m.c.i.embedder.EclipseLogger - Copying 0 resource
2024-10-12 20:12:45,994 [Worker-31] WARN  o.e.m.c.i.embedder.EclipseLogger - Using platform encoding (Cp1252 actually) to copy filtered resources, i.e. build is platform dependent!
2024-10-12 20:12:45,995 [Worker-31] INFO  o.e.m.c.i.embedder.EclipseLogger - skip non existing resourceDirectory C:\Users\amocl\OneDrive\Escritorio\LP2_T2\LPII_CL2_CABRERACASTANEDACARLOS\src\test\resources
2024-10-12 20:14:51,667 [Worker-36] WARN  o.e.m.c.i.embedder.EclipseLogger - Using platform encoding (Cp1252 actually) to copy filtered resources, i.e. build is platform dependent!
2024-10-12 20:14:51,668 [Worker-36] INFO  o.e.m.c.i.embedder.EclipseLogger - Copying 0 resource
2024-10-12 20:14:51,668 [Worker-36] WARN  o.e.m.c.i.embedder.EclipseLogger - Using platform encoding (Cp1252 actually) to copy filtered resources, i.e. build is platform dependent!
2024-10-12 20:14:51,669 [Worker-36] INFO  o.e.m.c.i.embedder.EclipseLogger - skip non existing resourceDirectory C:\Users\amocl\OneDrive\Escritorio\LP2_T2\LPII_CL2_CABRERACASTANEDACARLOS\src\test\resources
2024-10-12 20:15:21,746 [Worker-25] WARN  o.e.m.c.i.embedder.EclipseLogger - Using platform encoding (Cp1252 actually) to copy filtered resources, i.e. build is platform dependent!
2024-10-12 20:15:21,747 [Worker-25] INFO  o.e.m.c.i.embedder.EclipseLogger - Copying 0 resource
2024-10-12 20:15:21,748 [Worker-25] WARN  o.e.m.c.i.embedder.EclipseLogger - Using platform encoding (Cp1252 actually) to copy filtered resources, i.e. build is platform dependent!
2024-10-12 20:15:21,748 [Worker-25] INFO  o.e.m.c.i.embedder.EclipseLogger - skip non existing resourceDirectory C:\Users\amocl\OneDrive\Escritorio\LP2_T2\LPII_CL2_CABRERACASTANEDACARLOS\src\test\resources
2024-10-12 20:15:40,929 [Worker-23] WARN  o.e.m.c.i.embedder.EclipseLogger - Using platform encoding (Cp1252 actually) to copy filtered resources, i.e. build is platform dependent!
2024-10-12 20:15:40,930 [Worker-23] INFO  o.e.m.c.i.embedder.EclipseLogger - Copying 0 resource
2024-10-12 20:15:40,932 [Worker-23] WARN  o.e.m.c.i.embedder.EclipseLogger - Using platform encoding (Cp1252 actually) to copy filtered resources, i.e. build is platform dependent!
2024-10-12 20:15:40,933 [Worker-23] INFO  o.e.m.c.i.embedder.EclipseLogger - skip non existing resourceDirectory C:\Users\amocl\OneDrive\Escritorio\LP2_T2\LPII_CL2_CABRERACASTANEDACARLOS\src\test\resources
2024-10-12 20:16:47,557 [Worker-28] WARN  o.e.m.c.i.embedder.EclipseLogger - Using platform encoding (Cp1252 actually) to copy filtered resources, i.e. build is platform dependent!
2024-10-12 20:16:47,559 [Worker-28] INFO  o.e.m.c.i.embedder.EclipseLogger - Copying 0 resource
2024-10-12 20:16:47,559 [Worker-28] WARN  o.e.m.c.i.embedder.EclipseLogger - Using platform encoding (Cp1252 actually) to copy filtered resources, i.e. build is platform dependent!
2024-10-12 20:16:47,560 [Worker-28] INFO  o.e.m.c.i.embedder.EclipseLogger - skip non existing resourceDirectory C:\Users\amocl\OneDrive\Escritorio\LP2_T2\LPII_CL2_CABRERACASTANEDACARLOS\src\test\resources
2024-10-12 20:17:56,304 [Worker-23] WARN  o.e.m.c.i.embedder.EclipseLogger - Using platform encoding (Cp1252 actually) to copy filtered resources, i.e. build is platform dependent!
2024-10-12 20:17:56,305 [Worker-23] INFO  o.e.m.c.i.embedder.EclipseLogger - Copying 0 resource
2024-10-12 20:17:56,306 [Worker-23] WARN  o.e.m.c.i.embedder.EclipseLogger - Using platform encoding (Cp1252 actually) to copy filtered resources, i.e. build is platform dependent!
2024-10-12 20:17:56,307 [Worker-23] INFO  o.e.m.c.i.embedder.EclipseLogger - skip non existing resourceDirectory C:\Users\amocl\OneDrive\Escritorio\LP2_T2\LPII_CL2_CABRERACASTANEDACARLOS\src\test\resources
2024-10-12 20:18:04,417 [Worker-31] WARN  o.e.m.c.i.embedder.EclipseLogger - Using platform encoding (Cp1252 actually) to copy filtered resources, i.e. build is platform dependent!
2024-10-12 20:18:04,418 [Worker-31] INFO  o.e.m.c.i.embedder.EclipseLogger - Copying 0 resource
2024-10-12 20:18:04,419 [Worker-31] WARN  o.e.m.c.i.embedder.EclipseLogger - Using platform encoding (Cp1252 actually) to copy filtered resources, i.e. build is platform dependent!
2024-10-12 20:18:04,421 [Worker-31] INFO  o.e.m.c.i.embedder.EclipseLogger - skip non existing resourceDirectory C:\Users\amocl\OneDrive\Escritorio\LP2_T2\LPII_CL2_CABRERACASTANEDACARLOS\src\test\resources
2024-10-12 20:18:05,584 [Worker-26] WARN  o.e.m.c.i.embedder.EclipseLogger - Using platform encoding (Cp1252 actually) to copy filtered resources, i.e. build is platform dependent!
2024-10-12 20:18:05,585 [Worker-26] INFO  o.e.m.c.i.embedder.EclipseLogger - Copying 0 resource
2024-10-12 20:18:05,585 [Worker-26] WARN  o.e.m.c.i.embedder.EclipseLogger - Using platform encoding (Cp1252 actually) to copy filtered resources, i.e. build is platform dependent!
2024-10-12 20:18:05,586 [Worker-26] INFO  o.e.m.c.i.embedder.EclipseLogger - skip non existing resourceDirectory C:\Users\amocl\OneDrive\Escritorio\LP2_T2\LPII_CL2_CABRERACASTANEDACARLOS\src\test\resources
2024-10-12 20:19:05,938 [Worker-26] WARN  o.e.m.c.i.embedder.EclipseLogger - Using platform encoding (Cp1252 actually) to copy filtered resources, i.e. build is platform dependent!
2024-10-12 20:19:05,940 [Worker-26] INFO  o.e.m.c.i.embedder.EclipseLogger - Copying 0 resource
2024-10-12 20:19:05,941 [Worker-26] WARN  o.e.m.c.i.embedder.EclipseLogger - Using platform encoding (Cp1252 actually) to copy filtered resources, i.e. build is platform dependent!
2024-10-12 20:19:05,941 [Worker-26] INFO  o.e.m.c.i.embedder.EclipseLogger - skip non existing resourceDirectory C:\Users\amocl\OneDrive\Escritorio\LP2_T2\LPII_CL2_CABRERACASTANEDACARLOS\src\test\resources
2024-10-12 20:19:27,527 [Worker-31] WARN  o.e.m.c.i.embedder.EclipseLogger - Using platform encoding (Cp1252 actually) to copy filtered resources, i.e. build is platform dependent!
2024-10-12 20:19:27,529 [Worker-31] INFO  o.e.m.c.i.embedder.EclipseLogger - Copying 0 resource
2024-10-12 20:19:27,531 [Worker-31] WARN  o.e.m.c.i.embedder.EclipseLogger - Using platform encoding (Cp1252 actually) to copy filtered resources, i.e. build is platform dependent!
2024-10-12 20:19:27,532 [Worker-31] INFO  o.e.m.c.i.embedder.EclipseLogger - skip non existing resourceDirectory C:\Users\amocl\OneDrive\Escritorio\LP2_T2\LPII_CL2_CABRERACASTANEDACARLOS\src\test\resources
2024-10-12 20:20:03,330 [Worker-25] WARN  o.e.m.c.i.embedder.EclipseLogger - Using platform encoding (Cp1252 actually) to copy filtered resources, i.e. build is platform dependent!
2024-10-12 20:20:03,332 [Worker-25] INFO  o.e.m.c.i.embedder.EclipseLogger - Copying 0 resource
2024-10-12 20:20:03,332 [Worker-25] WARN  o.e.m.c.i.embedder.EclipseLogger - Using platform encoding (Cp1252 actually) to copy filtered resources, i.e. build is platform dependent!
2024-10-12 20:20:03,333 [Worker-25] INFO  o.e.m.c.i.embedder.EclipseLogger - skip non existing resourceDirectory C:\Users\amocl\OneDrive\Escritorio\LP2_T2\LPII_CL2_CABRERACASTANEDACARLOS\src\test\resources
2024-10-12 20:20:24,178 [Worker-33] WARN  o.e.m.c.i.embedder.EclipseLogger - Using platform encoding (Cp1252 actually) to copy filtered resources, i.e. build is platform dependent!
2024-10-12 20:20:24,179 [Worker-33] INFO  o.e.m.c.i.embedder.EclipseLogger - Copying 0 resource
2024-10-12 20:20:24,180 [Worker-33] WARN  o.e.m.c.i.embedder.EclipseLogger - Using platform encoding (Cp1252 actually) to copy filtered resources, i.e. build is platform dependent!
2024-10-12 20:20:24,180 [Worker-33] INFO  o.e.m.c.i.embedder.EclipseLogger - skip non existing resourceDirectory C:\Users\amocl\OneDrive\Escritorio\LP2_T2\LPII_CL2_CABRERACASTANEDACARLOS\src\test\resources
2024-10-12 20:20:33,914 [Worker-30] WARN  o.e.m.c.i.embedder.EclipseLogger - Using platform encoding (Cp1252 actually) to copy filtered resources, i.e. build is platform dependent!
2024-10-12 20:20:33,915 [Worker-30] INFO  o.e.m.c.i.embedder.EclipseLogger - Copying 0 resource
2024-10-12 20:20:33,916 [Worker-30] WARN  o.e.m.c.i.embedder.EclipseLogger - Using platform encoding (Cp1252 actually) to copy filtered resources, i.e. build is platform dependent!
2024-10-12 20:20:33,917 [Worker-30] INFO  o.e.m.c.i.embedder.EclipseLogger - skip non existing resourceDirectory C:\Users\amocl\OneDrive\Escritorio\LP2_T2\LPII_CL2_CABRERACASTANEDACARLOS\src\test\resources
2024-10-12 20:20:46,546 [Worker-28] WARN  o.e.m.c.i.embedder.EclipseLogger - Using platform encoding (Cp1252 actually) to copy filtered resources, i.e. build is platform dependent!
2024-10-12 20:20:46,547 [Worker-28] INFO  o.e.m.c.i.embedder.EclipseLogger - Copying 0 resource
2024-10-12 20:20:46,549 [Worker-28] WARN  o.e.m.c.i.embedder.EclipseLogger - Using platform encoding (Cp1252 actually) to copy filtered resources, i.e. build is platform dependent!
2024-10-12 20:20:46,550 [Worker-28] INFO  o.e.m.c.i.embedder.EclipseLogger - skip non existing resourceDirectory C:\Users\amocl\OneDrive\Escritorio\LP2_T2\LPII_CL2_CABRERACASTANEDACARLOS\src\test\resources
2024-10-12 20:20:55,882 [Worker-25] WARN  o.e.m.c.i.embedder.EclipseLogger - Using platform encoding (Cp1252 actually) to copy filtered resources, i.e. build is platform dependent!
2024-10-12 20:20:55,883 [Worker-25] INFO  o.e.m.c.i.embedder.EclipseLogger - Copying 0 resource
2024-10-12 20:20:55,883 [Worker-25] WARN  o.e.m.c.i.embedder.EclipseLogger - Using platform encoding (Cp1252 actually) to copy filtered resources, i.e. build is platform dependent!
2024-10-12 20:20:55,884 [Worker-25] INFO  o.e.m.c.i.embedder.EclipseLogger - skip non existing resourceDirectory C:\Users\amocl\OneDrive\Escritorio\LP2_T2\LPII_CL2_CABRERACASTANEDACARLOS\src\test\resources
2024-10-12 20:22:29,216 [Worker-25] WARN  o.e.m.c.i.embedder.EclipseLogger - Using platform encoding (Cp1252 actually) to copy filtered resources, i.e. build is platform dependent!
2024-10-12 20:22:29,218 [Worker-25] INFO  o.e.m.c.i.embedder.EclipseLogger - Copying 0 resource
2024-10-12 20:22:29,219 [Worker-25] WARN  o.e.m.c.i.embedder.EclipseLogger - Using platform encoding (Cp1252 actually) to copy filtered resources, i.e. build is platform dependent!
2024-10-12 20:22:29,220 [Worker-25] INFO  o.e.m.c.i.embedder.EclipseLogger - skip non existing resourceDirectory C:\Users\amocl\OneDrive\Escritorio\LP2_T2\LPII_CL2_CABRERACASTANEDACARLOS\src\test\resources
2024-10-12 20:24:14,531 [Worker-30] WARN  o.e.m.c.i.embedder.EclipseLogger - Using platform encoding (Cp1252 actually) to copy filtered resources, i.e. build is platform dependent!
2024-10-12 20:24:14,533 [Worker-30] INFO  o.e.m.c.i.embedder.EclipseLogger - Copying 0 resource
2024-10-12 20:24:14,534 [Worker-30] WARN  o.e.m.c.i.embedder.EclipseLogger - Using platform encoding (Cp1252 actually) to copy filtered resources, i.e. build is platform dependent!
2024-10-12 20:24:14,535 [Worker-30] INFO  o.e.m.c.i.embedder.EclipseLogger - skip non existing resourceDirectory C:\Users\amocl\OneDrive\Escritorio\LP2_T2\LPII_CL2_CABRERACASTANEDACARLOS\src\test\resources
2024-10-12 20:24:17,141 [Worker-28] WARN  o.e.m.c.i.embedder.EclipseLogger - Using platform encoding (Cp1252 actually) to copy filtered resources, i.e. build is platform dependent!
2024-10-12 20:24:17,142 [Worker-28] INFO  o.e.m.c.i.embedder.EclipseLogger - Copying 0 resource
2024-10-12 20:24:17,144 [Worker-28] WARN  o.e.m.c.i.embedder.EclipseLogger - Using platform encoding (Cp1252 actually) to copy filtered resources, i.e. build is platform dependent!
2024-10-12 20:24:17,145 [Worker-28] INFO  o.e.m.c.i.embedder.EclipseLogger - skip non existing resourceDirectory C:\Users\amocl\OneDrive\Escritorio\LP2_T2\LPII_CL2_CABRERACASTANEDACARLOS\src\test\resources
2024-10-12 20:24:58,583 [Worker-28] WARN  o.e.m.c.i.embedder.EclipseLogger - Using platform encoding (Cp1252 actually) to copy filtered resources, i.e. build is platform dependent!
2024-10-12 20:24:58,585 [Worker-28] INFO  o.e.m.c.i.embedder.EclipseLogger - Copying 0 resource
2024-10-12 20:24:58,585 [Worker-28] WARN  o.e.m.c.i.embedder.EclipseLogger - Using platform encoding (Cp1252 actually) to copy filtered resources, i.e. build is platform dependent!
2024-10-12 20:24:58,586 [Worker-28] INFO  o.e.m.c.i.embedder.EclipseLogger - skip non existing resourceDirectory C:\Users\amocl\OneDrive\Escritorio\LP2_T2\LPII_CL2_CABRERACASTANEDACARLOS\src\test\resources
2024-10-12 20:25:23,143 [Worker-33] WARN  o.e.m.c.i.embedder.EclipseLogger - Using platform encoding (Cp1252 actually) to copy filtered resources, i.e. build is platform dependent!
2024-10-12 20:25:23,145 [Worker-33] INFO  o.e.m.c.i.embedder.EclipseLogger - Copying 0 resource
2024-10-12 20:25:23,146 [Worker-33] WARN  o.e.m.c.i.embedder.EclipseLogger - Using platform encoding (Cp1252 actually) to copy filtered resources, i.e. build is platform dependent!
2024-10-12 20:25:23,147 [Worker-33] INFO  o.e.m.c.i.embedder.EclipseLogger - skip non existing resourceDirectory C:\Users\amocl\OneDrive\Escritorio\LP2_T2\LPII_CL2_CABRERACASTANEDACARLOS\src\test\resources
2024-10-12 20:25:32,741 [Worker-33] WARN  o.e.m.c.i.embedder.EclipseLogger - Using platform encoding (Cp1252 actually) to copy filtered resources, i.e. build is platform dependent!
2024-10-12 20:25:32,742 [Worker-33] INFO  o.e.m.c.i.embedder.EclipseLogger - Copying 0 resource
2024-10-12 20:25:32,742 [Worker-33] WARN  o.e.m.c.i.embedder.EclipseLogger - Using platform encoding (Cp1252 actually) to copy filtered resources, i.e. build is platform dependent!
2024-10-12 20:25:32,743 [Worker-33] INFO  o.e.m.c.i.embedder.EclipseLogger - skip non existing resourceDirectory C:\Users\amocl\OneDrive\Escritorio\LP2_T2\LPII_CL2_CABRERACASTANEDACARLOS\src\test\resources
2024-10-12 20:26:42,792 [Worker-36] WARN  o.e.m.c.i.embedder.EclipseLogger - Using platform encoding (Cp1252 actually) to copy filtered resources, i.e. build is platform dependent!
2024-10-12 20:26:42,794 [Worker-36] INFO  o.e.m.c.i.embedder.EclipseLogger - Copying 0 resource
2024-10-12 20:26:42,795 [Worker-36] WARN  o.e.m.c.i.embedder.EclipseLogger - Using platform encoding (Cp1252 actually) to copy filtered resources, i.e. build is platform dependent!
2024-10-12 20:26:42,796 [Worker-36] INFO  o.e.m.c.i.embedder.EclipseLogger - skip non existing resourceDirectory C:\Users\amocl\OneDrive\Escritorio\LP2_T2\LPII_CL2_CABRERACASTANEDACARLOS\src\test\resources
2024-10-12 20:27:45,431 [Worker-31] WARN  o.e.m.c.i.embedder.EclipseLogger - Using platform encoding (Cp1252 actually) to copy filtered resources, i.e. build is platform dependent!
2024-10-12 20:27:45,434 [Worker-31] INFO  o.e.m.c.i.embedder.EclipseLogger - Copying 0 resource
2024-10-12 20:27:45,434 [Worker-31] WARN  o.e.m.c.i.embedder.EclipseLogger - Using platform encoding (Cp1252 actually) to copy filtered resources, i.e. build is platform dependent!
2024-10-12 20:27:45,435 [Worker-31] INFO  o.e.m.c.i.embedder.EclipseLogger - skip non existing resourceDirectory C:\Users\amocl\OneDrive\Escritorio\LP2_T2\LPII_CL2_CABRERACASTANEDACARLOS\src\test\resources
2024-10-12 20:28:07,900 [Worker-26] WARN  o.e.m.c.i.embedder.EclipseLogger - Using platform encoding (Cp1252 actually) to copy filtered resources, i.e. build is platform dependent!
2024-10-12 20:28:07,901 [Worker-26] INFO  o.e.m.c.i.embedder.EclipseLogger - Copying 0 resource
2024-10-12 20:28:07,902 [Worker-26] WARN  o.e.m.c.i.embedder.EclipseLogger - Using platform encoding (Cp1252 actually) to copy filtered resources, i.e. build is platform dependent!
2024-10-12 20:28:07,903 [Worker-26] INFO  o.e.m.c.i.embedder.EclipseLogger - skip non existing resourceDirectory C:\Users\amocl\OneDrive\Escritorio\LP2_T2\LPII_CL2_CABRERACASTANEDACARLOS\src\test\resources
2024-10-12 20:29:01,966 [Worker-33] WARN  o.e.m.c.i.embedder.EclipseLogger - Using platform encoding (Cp1252 actually) to copy filtered resources, i.e. build is platform dependent!
2024-10-12 20:29:01,967 [Worker-33] INFO  o.e.m.c.i.embedder.EclipseLogger - Copying 0 resource
2024-10-12 20:29:01,968 [Worker-33] WARN  o.e.m.c.i.embedder.EclipseLogger - Using platform encoding (Cp1252 actually) to copy filtered resources, i.e. build is platform dependent!
2024-10-12 20:29:01,969 [Worker-33] INFO  o.e.m.c.i.embedder.EclipseLogger - skip non existing resourceDirectory C:\Users\amocl\OneDrive\Escritorio\LP2_T2\LPII_CL2_CABRERACASTANEDACARLOS\src\test\resources
2024-10-12 20:30:57,093 [Worker-25] WARN  o.e.m.c.i.embedder.EclipseLogger - Using platform encoding (Cp1252 actually) to copy filtered resources, i.e. build is platform dependent!
2024-10-12 20:30:57,095 [Worker-25] INFO  o.e.m.c.i.embedder.EclipseLogger - Copying 0 resource
2024-10-12 20:30:57,097 [Worker-25] WARN  o.e.m.c.i.embedder.EclipseLogger - Using platform encoding (Cp1252 actually) to copy filtered resources, i.e. build is platform dependent!
2024-10-12 20:30:57,097 [Worker-25] INFO  o.e.m.c.i.embedder.EclipseLogger - skip non existing resourceDirectory C:\Users\amocl\OneDrive\Escritorio\LP2_T2\LPII_CL2_CABRERACASTANEDACARLOS\src\test\resources
2024-10-12 20:31:47,948 [Worker-28] WARN  o.e.m.c.i.embedder.EclipseLogger - Using platform encoding (Cp1252 actually) to copy filtered resources, i.e. build is platform dependent!
2024-10-12 20:31:47,950 [Worker-28] INFO  o.e.m.c.i.embedder.EclipseLogger - Copying 0 resource
2024-10-12 20:31:47,950 [Worker-28] WARN  o.e.m.c.i.embedder.EclipseLogger - Using platform encoding (Cp1252 actually) to copy filtered resources, i.e. build is platform dependent!
2024-10-12 20:31:47,951 [Worker-28] INFO  o.e.m.c.i.embedder.EclipseLogger - skip non existing resourceDirectory C:\Users\amocl\OneDrive\Escritorio\LP2_T2\LPII_CL2_CABRERACASTANEDACARLOS\src\test\resources
2024-10-12 20:32:03,913 [Worker-31] WARN  o.e.m.c.i.embedder.EclipseLogger - Using platform encoding (Cp1252 actually) to copy filtered resources, i.e. build is platform dependent!
2024-10-12 20:32:03,915 [Worker-31] INFO  o.e.m.c.i.embedder.EclipseLogger - Copying 0 resource
2024-10-12 20:32:03,916 [Worker-31] WARN  o.e.m.c.i.embedder.EclipseLogger - Using platform encoding (Cp1252 actually) to copy filtered resources, i.e. build is platform dependent!
2024-10-12 20:32:03,917 [Worker-31] INFO  o.e.m.c.i.embedder.EclipseLogger - skip non existing resourceDirectory C:\Users\amocl\OneDrive\Escritorio\LP2_T2\LPII_CL2_CABRERACASTANEDACARLOS\src\test\resources
2024-10-12 20:33:42,454 [Worker-28] WARN  o.e.m.c.i.embedder.EclipseLogger - Using platform encoding (Cp1252 actually) to copy filtered resources, i.e. build is platform dependent!
2024-10-12 20:33:42,455 [Worker-28] INFO  o.e.m.c.i.embedder.EclipseLogger - Copying 0 resource
2024-10-12 20:33:42,456 [Worker-28] WARN  o.e.m.c.i.embedder.EclipseLogger - Using platform encoding (Cp1252 actually) to copy filtered resources, i.e. build is platform dependent!
2024-10-12 20:33:42,456 [Worker-28] INFO  o.e.m.c.i.embedder.EclipseLogger - skip non existing resourceDirectory C:\Users\amocl\OneDrive\Escritorio\LP2_T2\LPII_CL2_CABRERACASTANEDACARLOS\src\test\resources
2024-10-12 20:34:16,734 [Worker-31] WARN  o.e.m.c.i.embedder.EclipseLogger - Using platform encoding (Cp1252 actually) to copy filtered resources, i.e. build is platform dependent!
2024-10-12 20:34:16,735 [Worker-31] INFO  o.e.m.c.i.embedder.EclipseLogger - Copying 0 resource
2024-10-12 20:34:16,736 [Worker-31] WARN  o.e.m.c.i.embedder.EclipseLogger - Using platform encoding (Cp1252 actually) to copy filtered resources, i.e. build is platform dependent!
2024-10-12 20:34:16,737 [Worker-31] INFO  o.e.m.c.i.embedder.EclipseLogger - skip non existing resourceDirectory C:\Users\amocl\OneDrive\Escritorio\LP2_T2\LPII_CL2_CABRERACASTANEDACARLOS\src\test\resources
2024-10-12 20:38:05,621 [Worker-34] WARN  o.e.m.c.i.embedder.EclipseLogger - Using platform encoding (Cp1252 actually) to copy filtered resources, i.e. build is platform dependent!
2024-10-12 20:38:05,622 [Worker-34] INFO  o.e.m.c.i.embedder.EclipseLogger - Copying 0 resource
2024-10-12 20:38:05,623 [Worker-34] WARN  o.e.m.c.i.embedder.EclipseLogger - Using platform encoding (Cp1252 actually) to copy filtered resources, i.e. build is platform dependent!
2024-10-12 20:38:05,623 [Worker-34] INFO  o.e.m.c.i.embedder.EclipseLogger - skip non existing resourceDirectory C:\Users\amocl\OneDrive\Escritorio\LP2_T2\LPII_CL2_CABRERACASTANEDACARLOS\src\test\resources
2024-10-12 20:38:19,017 [Worker-35] WARN  o.e.m.c.i.embedder.EclipseLogger - Using platform encoding (Cp1252 actually) to copy filtered resources, i.e. build is platform dependent!
2024-10-12 20:38:19,018 [Worker-35] INFO  o.e.m.c.i.embedder.EclipseLogger - Copying 0 resource
2024-10-12 20:38:19,018 [Worker-35] WARN  o.e.m.c.i.embedder.EclipseLogger - Using platform encoding (Cp1252 actually) to copy filtered resources, i.e. build is platform dependent!
2024-10-12 20:38:19,019 [Worker-35] INFO  o.e.m.c.i.embedder.EclipseLogger - skip non existing resourceDirectory C:\Users\amocl\OneDrive\Escritorio\LP2_T2\LPII_CL2_CABRERACASTANEDACARLOS\src\test\resources
2024-10-12 20:38:22,490 [Worker-23] WARN  o.e.m.c.i.embedder.EclipseLogger - Using platform encoding (Cp1252 actually) to copy filtered resources, i.e. build is platform dependent!
2024-10-12 20:38:22,492 [Worker-23] INFO  o.e.m.c.i.embedder.EclipseLogger - Copying 0 resource
2024-10-12 20:38:22,492 [Worker-23] WARN  o.e.m.c.i.embedder.EclipseLogger - Using platform encoding (Cp1252 actually) to copy filtered resources, i.e. build is platform dependent!
2024-10-12 20:38:22,493 [Worker-23] INFO  o.e.m.c.i.embedder.EclipseLogger - skip non existing resourceDirectory C:\Users\amocl\OneDrive\Escritorio\LP2_T2\LPII_CL2_CABRERACASTANEDACARLOS\src\test\resources
2024-10-12 20:38:52,869 [Worker-28] WARN  o.e.m.c.i.embedder.EclipseLogger - Using platform encoding (Cp1252 actually) to copy filtered resources, i.e. build is platform dependent!
2024-10-12 20:38:52,871 [Worker-28] INFO  o.e.m.c.i.embedder.EclipseLogger - Copying 0 resource
2024-10-12 20:38:52,872 [Worker-28] WARN  o.e.m.c.i.embedder.EclipseLogger - Using platform encoding (Cp1252 actually) to copy filtered resources, i.e. build is platform dependent!
2024-10-12 20:38:52,872 [Worker-28] INFO  o.e.m.c.i.embedder.EclipseLogger - skip non existing resourceDirectory C:\Users\amocl\OneDrive\Escritorio\LP2_T2\LPII_CL2_CABRERACASTANEDACARLOS\src\test\resources
2024-10-12 20:38:58,321 [Worker-22] WARN  o.e.m.c.i.embedder.EclipseLogger - Using platform encoding (Cp1252 actually) to copy filtered resources, i.e. build is platform dependent!
2024-10-12 20:38:58,322 [Worker-22] INFO  o.e.m.c.i.embedder.EclipseLogger - Copying 0 resource
2024-10-12 20:38:58,324 [Worker-22] WARN  o.e.m.c.i.embedder.EclipseLogger - Using platform encoding (Cp1252 actually) to copy filtered resources, i.e. build is platform dependent!
2024-10-12 20:38:58,326 [Worker-22] INFO  o.e.m.c.i.embedder.EclipseLogger - skip non existing resourceDirectory C:\Users\amocl\OneDrive\Escritorio\LP2_T2\LPII_CL2_CABRERACASTANEDACARLOS\src\test\resources
2024-10-12 20:39:47,616 [Worker-22] WARN  o.e.m.c.i.embedder.EclipseLogger - Using platform encoding (Cp1252 actually) to copy filtered resources, i.e. build is platform dependent!
2024-10-12 20:39:47,617 [Worker-22] INFO  o.e.m.c.i.embedder.EclipseLogger - Copying 0 resource
2024-10-12 20:39:47,618 [Worker-22] WARN  o.e.m.c.i.embedder.EclipseLogger - Using platform encoding (Cp1252 actually) to copy filtered resources, i.e. build is platform dependent!
2024-10-12 20:39:47,619 [Worker-22] INFO  o.e.m.c.i.embedder.EclipseLogger - skip non existing resourceDirectory C:\Users\amocl\OneDrive\Escritorio\LP2_T2\LPII_CL2_CABRERACASTANEDACARLOS\src\test\resources
2024-10-12 20:42:41,423 [Worker-31] WARN  o.e.m.c.i.embedder.EclipseLogger - Using platform encoding (Cp1252 actually) to copy filtered resources, i.e. build is platform dependent!
2024-10-12 20:42:41,424 [Worker-31] INFO  o.e.m.c.i.embedder.EclipseLogger - Copying 0 resource
2024-10-12 20:42:41,425 [Worker-31] WARN  o.e.m.c.i.embedder.EclipseLogger - Using platform encoding (Cp1252 actually) to copy filtered resources, i.e. build is platform dependent!
2024-10-12 20:42:41,426 [Worker-31] INFO  o.e.m.c.i.embedder.EclipseLogger - skip non existing resourceDirectory C:\Users\amocl\OneDrive\Escritorio\LP2_T2\LPII_CL2_CABRERACASTANEDACARLOS\src\test\resources
2024-10-12 20:43:21,313 [Worker-33] WARN  o.e.m.c.i.embedder.EclipseLogger - Using platform encoding (Cp1252 actually) to copy filtered resources, i.e. build is platform dependent!
2024-10-12 20:43:21,314 [Worker-33] INFO  o.e.m.c.i.embedder.EclipseLogger - Copying 0 resource
2024-10-12 20:43:21,315 [Worker-33] WARN  o.e.m.c.i.embedder.EclipseLogger - Using platform encoding (Cp1252 actually) to copy filtered resources, i.e. build is platform dependent!
2024-10-12 20:43:21,316 [Worker-33] INFO  o.e.m.c.i.embedder.EclipseLogger - skip non existing resourceDirectory C:\Users\amocl\OneDrive\Escritorio\LP2_T2\LPII_CL2_CABRERACASTANEDACARLOS\src\test\resources
2024-10-12 20:43:30,962 [Worker-30] WARN  o.e.m.c.i.embedder.EclipseLogger - Using platform encoding (Cp1252 actually) to copy filtered resources, i.e. build is platform dependent!
2024-10-12 20:43:30,963 [Worker-30] INFO  o.e.m.c.i.embedder.EclipseLogger - Copying 0 resource
2024-10-12 20:43:30,964 [Worker-30] WARN  o.e.m.c.i.embedder.EclipseLogger - Using platform encoding (Cp1252 actually) to copy filtered resources, i.e. build is platform dependent!
2024-10-12 20:43:30,964 [Worker-30] INFO  o.e.m.c.i.embedder.EclipseLogger - skip non existing resourceDirectory C:\Users\amocl\OneDrive\Escritorio\LP2_T2\LPII_CL2_CABRERACASTANEDACARLOS\src\test\resources
2024-10-12 20:43:42,334 [Worker-33] WARN  o.e.m.c.i.embedder.EclipseLogger - Using platform encoding (Cp1252 actually) to copy filtered resources, i.e. build is platform dependent!
2024-10-12 20:43:42,335 [Worker-33] INFO  o.e.m.c.i.embedder.EclipseLogger - Copying 0 resource
2024-10-12 20:43:42,337 [Worker-33] WARN  o.e.m.c.i.embedder.EclipseLogger - Using platform encoding (Cp1252 actually) to copy filtered resources, i.e. build is platform dependent!
2024-10-12 20:43:42,337 [Worker-33] INFO  o.e.m.c.i.embedder.EclipseLogger - skip non existing resourceDirectory C:\Users\amocl\OneDrive\Escritorio\LP2_T2\LPII_CL2_CABRERACASTANEDACARLOS\src\test\resources
2024-10-12 20:43:50,937 [Worker-33] WARN  o.e.m.c.i.embedder.EclipseLogger - Using platform encoding (Cp1252 actually) to copy filtered resources, i.e. build is platform dependent!
2024-10-12 20:43:50,939 [Worker-33] INFO  o.e.m.c.i.embedder.EclipseLogger - Copying 0 resource
2024-10-12 20:43:50,939 [Worker-33] WARN  o.e.m.c.i.embedder.EclipseLogger - Using platform encoding (Cp1252 actually) to copy filtered resources, i.e. build is platform dependent!
2024-10-12 20:43:50,940 [Worker-33] INFO  o.e.m.c.i.embedder.EclipseLogger - skip non existing resourceDirectory C:\Users\amocl\OneDrive\Escritorio\LP2_T2\LPII_CL2_CABRERACASTANEDACARLOS\src\test\resources
2024-10-12 20:46:52,803 [Worker-30] WARN  o.e.m.c.i.embedder.EclipseLogger - Using platform encoding (Cp1252 actually) to copy filtered resources, i.e. build is platform dependent!
2024-10-12 20:46:52,806 [Worker-30] INFO  o.e.m.c.i.embedder.EclipseLogger - Copying 0 resource
2024-10-12 20:46:52,808 [Worker-30] WARN  o.e.m.c.i.embedder.EclipseLogger - Using platform encoding (Cp1252 actually) to copy filtered resources, i.e. build is platform dependent!
2024-10-12 20:46:52,809 [Worker-30] INFO  o.e.m.c.i.embedder.EclipseLogger - skip non existing resourceDirectory C:\Users\amocl\OneDrive\Escritorio\LP2_T2\LPII_CL2_CABRERACASTANEDACARLOS\src\test\resources
2024-10-12 20:47:16,035 [Worker-22] WARN  o.e.m.c.i.embedder.EclipseLogger - Using platform encoding (Cp1252 actually) to copy filtered resources, i.e. build is platform dependent!
2024-10-12 20:47:16,037 [Worker-22] INFO  o.e.m.c.i.embedder.EclipseLogger - Copying 0 resource
2024-10-12 20:47:16,038 [Worker-22] WARN  o.e.m.c.i.embedder.EclipseLogger - Using platform encoding (Cp1252 actually) to copy filtered resources, i.e. build is platform dependent!
2024-10-12 20:47:16,040 [Worker-22] INFO  o.e.m.c.i.embedder.EclipseLogger - skip non existing resourceDirectory C:\Users\amocl\OneDrive\Escritorio\LP2_T2\LPII_CL2_CABRERACASTANEDACARLOS\src\test\resources
2024-10-12 20:47:41,788 [Worker-35] WARN  o.e.m.c.i.embedder.EclipseLogger - Using platform encoding (Cp1252 actually) to copy filtered resources, i.e. build is platform dependent!
2024-10-12 20:47:41,790 [Worker-35] INFO  o.e.m.c.i.embedder.EclipseLogger - Copying 0 resource
2024-10-12 20:47:41,790 [Worker-35] WARN  o.e.m.c.i.embedder.EclipseLogger - Using platform encoding (Cp1252 actually) to copy filtered resources, i.e. build is platform dependent!
2024-10-12 20:47:41,791 [Worker-35] INFO  o.e.m.c.i.embedder.EclipseLogger - skip non existing resourceDirectory C:\Users\amocl\OneDrive\Escritorio\LP2_T2\LPII_CL2_CABRERACASTANEDACARLOS\src\test\resources
2024-10-12 20:47:57,317 [Worker-28] WARN  o.e.m.c.i.embedder.EclipseLogger - Using platform encoding (Cp1252 actually) to copy filtered resources, i.e. build is platform dependent!
2024-10-12 20:47:57,318 [Worker-28] INFO  o.e.m.c.i.embedder.EclipseLogger - Copying 0 resource
2024-10-12 20:47:57,319 [Worker-28] WARN  o.e.m.c.i.embedder.EclipseLogger - Using platform encoding (Cp1252 actually) to copy filtered resources, i.e. build is platform dependent!
2024-10-12 20:47:57,319 [Worker-28] INFO  o.e.m.c.i.embedder.EclipseLogger - skip non existing resourceDirectory C:\Users\amocl\OneDrive\Escritorio\LP2_T2\LPII_CL2_CABRERACASTANEDACARLOS\src\test\resources
2024-10-12 20:48:47,974 [Worker-28] WARN  o.e.m.c.i.embedder.EclipseLogger - Using platform encoding (Cp1252 actually) to copy filtered resources, i.e. build is platform dependent!
2024-10-12 20:48:47,976 [Worker-28] INFO  o.e.m.c.i.embedder.EclipseLogger - Copying 0 resource
2024-10-12 20:48:47,977 [Worker-28] WARN  o.e.m.c.i.embedder.EclipseLogger - Using platform encoding (Cp1252 actually) to copy filtered resources, i.e. build is platform dependent!
2024-10-12 20:48:47,978 [Worker-28] INFO  o.e.m.c.i.embedder.EclipseLogger - skip non existing resourceDirectory C:\Users\amocl\OneDrive\Escritorio\LP2_T2\LPII_CL2_CABRERACASTANEDACARLOS\src\test\resources
2024-10-12 20:49:08,264 [Worker-33] WARN  o.e.m.c.i.embedder.EclipseLogger - Using platform encoding (Cp1252 actually) to copy filtered resources, i.e. build is platform dependent!
2024-10-12 20:49:08,266 [Worker-33] INFO  o.e.m.c.i.embedder.EclipseLogger - Copying 0 resource
2024-10-12 20:49:08,266 [Worker-33] WARN  o.e.m.c.i.embedder.EclipseLogger - Using platform encoding (Cp1252 actually) to copy filtered resources, i.e. build is platform dependent!
2024-10-12 20:49:08,267 [Worker-33] INFO  o.e.m.c.i.embedder.EclipseLogger - skip non existing resourceDirectory C:\Users\amocl\OneDrive\Escritorio\LP2_T2\LPII_CL2_CABRERACASTANEDACARLOS\src\test\resources
2024-10-12 20:49:25,541 [Worker-28] WARN  o.e.m.c.i.embedder.EclipseLogger - Using platform encoding (Cp1252 actually) to copy filtered resources, i.e. build is platform dependent!
2024-10-12 20:49:25,542 [Worker-28] INFO  o.e.m.c.i.embedder.EclipseLogger - Copying 0 resource
2024-10-12 20:49:25,543 [Worker-28] WARN  o.e.m.c.i.embedder.EclipseLogger - Using platform encoding (Cp1252 actually) to copy filtered resources, i.e. build is platform dependent!
2024-10-12 20:49:25,544 [Worker-28] INFO  o.e.m.c.i.embedder.EclipseLogger - skip non existing resourceDirectory C:\Users\amocl\OneDrive\Escritorio\LP2_T2\LPII_CL2_CABRERACASTANEDACARLOS\src\test\resources
2024-10-12 20:49:34,592 [Worker-33] WARN  o.e.m.c.i.embedder.EclipseLogger - Using platform encoding (Cp1252 actually) to copy filtered resources, i.e. build is platform dependent!
2024-10-12 20:49:34,594 [Worker-33] INFO  o.e.m.c.i.embedder.EclipseLogger - Copying 0 resource
2024-10-12 20:49:34,594 [Worker-33] WARN  o.e.m.c.i.embedder.EclipseLogger - Using platform encoding (Cp1252 actually) to copy filtered resources, i.e. build is platform dependent!
2024-10-12 20:49:34,596 [Worker-33] INFO  o.e.m.c.i.embedder.EclipseLogger - skip non existing resourceDirectory C:\Users\amocl\OneDrive\Escritorio\LP2_T2\LPII_CL2_CABRERACASTANEDACARLOS\src\test\resources
2024-10-12 20:49:50,130 [Worker-25] WARN  o.e.m.c.i.embedder.EclipseLogger - Using platform encoding (Cp1252 actually) to copy filtered resources, i.e. build is platform dependent!
2024-10-12 20:49:50,132 [Worker-25] INFO  o.e.m.c.i.embedder.EclipseLogger - Copying 0 resource
2024-10-12 20:49:50,132 [Worker-25] WARN  o.e.m.c.i.embedder.EclipseLogger - Using platform encoding (Cp1252 actually) to copy filtered resources, i.e. build is platform dependent!
2024-10-12 20:49:50,132 [Worker-25] INFO  o.e.m.c.i.embedder.EclipseLogger - skip non existing resourceDirectory C:\Users\amocl\OneDrive\Escritorio\LP2_T2\LPII_CL2_CABRERACASTANEDACARLOS\src\test\resources
2024-10-12 20:50:16,641 [Worker-36] WARN  o.e.m.c.i.embedder.EclipseLogger - Using platform encoding (Cp1252 actually) to copy filtered resources, i.e. build is platform dependent!
2024-10-12 20:50:16,643 [Worker-36] INFO  o.e.m.c.i.embedder.EclipseLogger - Copying 0 resource
2024-10-12 20:50:16,643 [Worker-36] WARN  o.e.m.c.i.embedder.EclipseLogger - Using platform encoding (Cp1252 actually) to copy filtered resources, i.e. build is platform dependent!
2024-10-12 20:50:16,644 [Worker-36] INFO  o.e.m.c.i.embedder.EclipseLogger - skip non existing resourceDirectory C:\Users\amocl\OneDrive\Escritorio\LP2_T2\LPII_CL2_CABRERACASTANEDACARLOS\src\test\resources
2024-10-12 20:50:27,844 [Worker-26] WARN  o.e.m.c.i.embedder.EclipseLogger - Using platform encoding (Cp1252 actually) to copy filtered resources, i.e. build is platform dependent!
2024-10-12 20:50:27,847 [Worker-26] INFO  o.e.m.c.i.embedder.EclipseLogger - Copying 0 resource
2024-10-12 20:50:27,847 [Worker-26] WARN  o.e.m.c.i.embedder.EclipseLogger - Using platform encoding (Cp1252 actually) to copy filtered resources, i.e. build is platform dependent!
2024-10-12 20:50:27,849 [Worker-26] INFO  o.e.m.c.i.embedder.EclipseLogger - skip non existing resourceDirectory C:\Users\amocl\OneDrive\Escritorio\LP2_T2\LPII_CL2_CABRERACASTANEDACARLOS\src\test\resources
2024-10-12 20:53:12,405 [Worker-25] WARN  o.e.m.c.i.embedder.EclipseLogger - Using platform encoding (Cp1252 actually) to copy filtered resources, i.e. build is platform dependent!
2024-10-12 20:53:12,407 [Worker-25] INFO  o.e.m.c.i.embedder.EclipseLogger - Copying 0 resource
2024-10-12 20:53:12,408 [Worker-25] WARN  o.e.m.c.i.embedder.EclipseLogger - Using platform encoding (Cp1252 actually) to copy filtered resources, i.e. build is platform dependent!
2024-10-12 20:53:12,409 [Worker-25] INFO  o.e.m.c.i.embedder.EclipseLogger - skip non existing resourceDirectory C:\Users\amocl\OneDrive\Escritorio\LP2_T2\LPII_CL2_CABRERACASTANEDACARLOS\src\test\resources
2024-10-12 20:53:28,937 [Worker-25] WARN  o.e.m.c.i.embedder.EclipseLogger - Using platform encoding (Cp1252 actually) to copy filtered resources, i.e. build is platform dependent!
2024-10-12 20:53:28,939 [Worker-25] INFO  o.e.m.c.i.embedder.EclipseLogger - Copying 0 resource
2024-10-12 20:53:28,939 [Worker-25] WARN  o.e.m.c.i.embedder.EclipseLogger - Using platform encoding (Cp1252 actually) to copy filtered resources, i.e. build is platform dependent!
2024-10-12 20:53:28,940 [Worker-25] INFO  o.e.m.c.i.embedder.EclipseLogger - skip non existing resourceDirectory C:\Users\amocl\OneDrive\Escritorio\LP2_T2\LPII_CL2_CABRERACASTANEDACARLOS\src\test\resources
2024-10-12 20:53:43,707 [Worker-30] WARN  o.e.m.c.i.embedder.EclipseLogger - Using platform encoding (Cp1252 actually) to copy filtered resources, i.e. build is platform dependent!
2024-10-12 20:53:43,708 [Worker-30] INFO  o.e.m.c.i.embedder.EclipseLogger - Copying 0 resource
2024-10-12 20:53:43,709 [Worker-30] WARN  o.e.m.c.i.embedder.EclipseLogger - Using platform encoding (Cp1252 actually) to copy filtered resources, i.e. build is platform dependent!
2024-10-12 20:53:43,710 [Worker-30] INFO  o.e.m.c.i.embedder.EclipseLogger - skip non existing resourceDirectory C:\Users\amocl\OneDrive\Escritorio\LP2_T2\LPII_CL2_CABRERACASTANEDACARLOS\src\test\resources
2024-10-12 20:54:37,460 [Worker-38] WARN  o.e.m.c.i.embedder.EclipseLogger - Using platform encoding (Cp1252 actually) to copy filtered resources, i.e. build is platform dependent!
2024-10-12 20:54:37,465 [Worker-38] INFO  o.e.m.c.i.embedder.EclipseLogger - Copying 0 resource
2024-10-12 20:54:37,467 [Worker-38] WARN  o.e.m.c.i.embedder.EclipseLogger - Using platform encoding (Cp1252 actually) to copy filtered resources, i.e. build is platform dependent!
2024-10-12 20:54:37,469 [Worker-38] INFO  o.e.m.c.i.embedder.EclipseLogger - skip non existing resourceDirectory C:\Users\amocl\OneDrive\Escritorio\LP2_T2\LPII_CL2_CABRERACASTANEDACARLOS\src\test\resources
2024-10-12 20:54:44,204 [Worker-25] WARN  o.e.m.c.i.embedder.EclipseLogger - Using platform encoding (Cp1252 actually) to copy filtered resources, i.e. build is platform dependent!
2024-10-12 20:54:44,205 [Worker-25] INFO  o.e.m.c.i.embedder.EclipseLogger - Copying 0 resource
2024-10-12 20:54:44,205 [Worker-25] WARN  o.e.m.c.i.embedder.EclipseLogger - Using platform encoding (Cp1252 actually) to copy filtered resources, i.e. build is platform dependent!
2024-10-12 20:54:44,206 [Worker-25] INFO  o.e.m.c.i.embedder.EclipseLogger - skip non existing resourceDirectory C:\Users\amocl\OneDrive\Escritorio\LP2_T2\LPII_CL2_CABRERACASTANEDACARLOS\src\test\resources
2024-10-12 20:55:44,172 [Worker-36] WARN  o.e.m.c.i.embedder.EclipseLogger - Using platform encoding (Cp1252 actually) to copy filtered resources, i.e. build is platform dependent!
2024-10-12 20:55:44,175 [Worker-36] INFO  o.e.m.c.i.embedder.EclipseLogger - Copying 0 resource
2024-10-12 20:55:44,175 [Worker-36] WARN  o.e.m.c.i.embedder.EclipseLogger - Using platform encoding (Cp1252 actually) to copy filtered resources, i.e. build is platform dependent!
2024-10-12 20:55:44,176 [Worker-36] INFO  o.e.m.c.i.embedder.EclipseLogger - skip non existing resourceDirectory C:\Users\amocl\OneDrive\Escritorio\LP2_T2\LPII_CL2_CABRERACASTANEDACARLOS\src\test\resources
2024-10-12 20:56:16,921 [Worker-39] WARN  o.e.m.c.i.embedder.EclipseLogger - Using platform encoding (Cp1252 actually) to copy filtered resources, i.e. build is platform dependent!
2024-10-12 20:56:16,921 [Worker-39] INFO  o.e.m.c.i.embedder.EclipseLogger - Copying 0 resource
2024-10-12 20:56:16,922 [Worker-39] WARN  o.e.m.c.i.embedder.EclipseLogger - Using platform encoding (Cp1252 actually) to copy filtered resources, i.e. build is platform dependent!
2024-10-12 20:56:16,923 [Worker-39] INFO  o.e.m.c.i.embedder.EclipseLogger - skip non existing resourceDirectory C:\Users\amocl\OneDrive\Escritorio\LP2_T2\LPII_CL2_CABRERACASTANEDACARLOS\src\test\resources
2024-10-12 20:57:38,320 [Worker-39] WARN  o.e.m.c.i.embedder.EclipseLogger - Using platform encoding (Cp1252 actually) to copy filtered resources, i.e. build is platform dependent!
2024-10-12 20:57:38,321 [Worker-39] INFO  o.e.m.c.i.embedder.EclipseLogger - Copying 0 resource
2024-10-12 20:57:38,321 [Worker-39] WARN  o.e.m.c.i.embedder.EclipseLogger - Using platform encoding (Cp1252 actually) to copy filtered resources, i.e. build is platform dependent!
2024-10-12 20:57:38,322 [Worker-39] INFO  o.e.m.c.i.embedder.EclipseLogger - skip non existing resourceDirectory C:\Users\amocl\OneDrive\Escritorio\LP2_T2\LPII_CL2_CABRERACASTANEDACARLOS\src\test\resources
2024-10-12 20:57:59,988 [Worker-36] WARN  o.e.m.c.i.embedder.EclipseLogger - Using platform encoding (Cp1252 actually) to copy filtered resources, i.e. build is platform dependent!
2024-10-12 20:57:59,989 [Worker-36] INFO  o.e.m.c.i.embedder.EclipseLogger - Copying 0 resource
2024-10-12 20:57:59,990 [Worker-36] WARN  o.e.m.c.i.embedder.EclipseLogger - Using platform encoding (Cp1252 actually) to copy filtered resources, i.e. build is platform dependent!
2024-10-12 20:57:59,991 [Worker-36] INFO  o.e.m.c.i.embedder.EclipseLogger - skip non existing resourceDirectory C:\Users\amocl\OneDrive\Escritorio\LP2_T2\LPII_CL2_CABRERACASTANEDACARLOS\src\test\resources
2024-10-12 20:58:43,444 [Worker-30] WARN  o.e.m.c.i.embedder.EclipseLogger - Using platform encoding (Cp1252 actually) to copy filtered resources, i.e. build is platform dependent!
2024-10-12 20:58:43,445 [Worker-30] INFO  o.e.m.c.i.embedder.EclipseLogger - Copying 0 resource
2024-10-12 20:58:43,446 [Worker-30] WARN  o.e.m.c.i.embedder.EclipseLogger - Using platform encoding (Cp1252 actually) to copy filtered resources, i.e. build is platform dependent!
2024-10-12 20:58:43,447 [Worker-30] INFO  o.e.m.c.i.embedder.EclipseLogger - skip non existing resourceDirectory C:\Users\amocl\OneDrive\Escritorio\LP2_T2\LPII_CL2_CABRERACASTANEDACARLOS\src\test\resources
2024-10-12 21:01:12,148 [Worker-40] WARN  o.e.m.c.i.embedder.EclipseLogger - Using platform encoding (Cp1252 actually) to copy filtered resources, i.e. build is platform dependent!
2024-10-12 21:01:12,149 [Worker-40] INFO  o.e.m.c.i.embedder.EclipseLogger - Copying 0 resource
2024-10-12 21:01:12,150 [Worker-40] WARN  o.e.m.c.i.embedder.EclipseLogger - Using platform encoding (Cp1252 actually) to copy filtered resources, i.e. build is platform dependent!
2024-10-12 21:01:12,151 [Worker-40] INFO  o.e.m.c.i.embedder.EclipseLogger - skip non existing resourceDirectory C:\Users\amocl\OneDrive\Escritorio\LP2_T2\LPII_CL2_CABRERACASTANEDACARLOS\src\test\resources
2024-10-12 21:02:17,514 [Worker-36] WARN  o.e.m.c.i.embedder.EclipseLogger - Using platform encoding (Cp1252 actually) to copy filtered resources, i.e. build is platform dependent!
2024-10-12 21:02:17,514 [Worker-36] INFO  o.e.m.c.i.embedder.EclipseLogger - Copying 0 resource
2024-10-12 21:02:17,516 [Worker-36] WARN  o.e.m.c.i.embedder.EclipseLogger - Using platform encoding (Cp1252 actually) to copy filtered resources, i.e. build is platform dependent!
2024-10-12 21:02:17,517 [Worker-36] INFO  o.e.m.c.i.embedder.EclipseLogger - skip non existing resourceDirectory C:\Users\amocl\OneDrive\Escritorio\LP2_T2\LPII_CL2_CABRERACASTANEDACARLOS\src\test\resources
2024-10-12 21:02:40,760 [Worker-41] WARN  o.e.m.c.i.embedder.EclipseLogger - Using platform encoding (Cp1252 actually) to copy filtered resources, i.e. build is platform dependent!
2024-10-12 21:02:40,762 [Worker-41] INFO  o.e.m.c.i.embedder.EclipseLogger - Copying 0 resource
2024-10-12 21:02:40,763 [Worker-41] WARN  o.e.m.c.i.embedder.EclipseLogger - Using platform encoding (Cp1252 actually) to copy filtered resources, i.e. build is platform dependent!
2024-10-12 21:02:40,763 [Worker-41] INFO  o.e.m.c.i.embedder.EclipseLogger - skip non existing resourceDirectory C:\Users\amocl\OneDrive\Escritorio\LP2_T2\LPII_CL2_CABRERACASTANEDACARLOS\src\test\resources
2024-10-12 21:03:03,686 [Worker-36] WARN  o.e.m.c.i.embedder.EclipseLogger - Using platform encoding (Cp1252 actually) to copy filtered resources, i.e. build is platform dependent!
2024-10-12 21:03:03,688 [Worker-36] INFO  o.e.m.c.i.embedder.EclipseLogger - Copying 0 resource
2024-10-12 21:03:03,689 [Worker-36] WARN  o.e.m.c.i.embedder.EclipseLogger - Using platform encoding (Cp1252 actually) to copy filtered resources, i.e. build is platform dependent!
2024-10-12 21:03:03,689 [Worker-36] INFO  o.e.m.c.i.embedder.EclipseLogger - skip non existing resourceDirectory C:\Users\amocl\OneDrive\Escritorio\LP2_T2\LPII_CL2_CABRERACASTANEDACARLOS\src\test\resources
2024-10-12 21:03:18,512 [Worker-36] WARN  o.e.m.c.i.embedder.EclipseLogger - Using platform encoding (Cp1252 actually) to copy filtered resources, i.e. build is platform dependent!
2024-10-12 21:03:18,513 [Worker-36] INFO  o.e.m.c.i.embedder.EclipseLogger - Copying 0 resource
2024-10-12 21:03:18,514 [Worker-36] WARN  o.e.m.c.i.embedder.EclipseLogger - Using platform encoding (Cp1252 actually) to copy filtered resources, i.e. build is platform dependent!
2024-10-12 21:03:18,515 [Worker-36] INFO  o.e.m.c.i.embedder.EclipseLogger - skip non existing resourceDirectory C:\Users\amocl\OneDrive\Escritorio\LP2_T2\LPII_CL2_CABRERACASTANEDACARLOS\src\test\resources
2024-10-12 21:04:10,487 [Worker-30] WARN  o.e.m.c.i.embedder.EclipseLogger - Using platform encoding (Cp1252 actually) to copy filtered resources, i.e. build is platform dependent!
2024-10-12 21:04:10,488 [Worker-30] INFO  o.e.m.c.i.embedder.EclipseLogger - Copying 0 resource
2024-10-12 21:04:10,489 [Worker-30] WARN  o.e.m.c.i.embedder.EclipseLogger - Using platform encoding (Cp1252 actually) to copy filtered resources, i.e. build is platform dependent!
2024-10-12 21:04:10,490 [Worker-30] INFO  o.e.m.c.i.embedder.EclipseLogger - skip non existing resourceDirectory C:\Users\amocl\OneDrive\Escritorio\LP2_T2\LPII_CL2_CABRERACASTANEDACARLOS\src\test\resources
2024-10-12 21:05:19,714 [Worker-41] WARN  o.e.m.c.i.embedder.EclipseLogger - Using platform encoding (Cp1252 actually) to copy filtered resources, i.e. build is platform dependent!
2024-10-12 21:05:19,715 [Worker-41] INFO  o.e.m.c.i.embedder.EclipseLogger - Copying 0 resource
2024-10-12 21:05:19,715 [Worker-41] WARN  o.e.m.c.i.embedder.EclipseLogger - Using platform encoding (Cp1252 actually) to copy filtered resources, i.e. build is platform dependent!
2024-10-12 21:05:19,715 [Worker-41] INFO  o.e.m.c.i.embedder.EclipseLogger - skip non existing resourceDirectory C:\Users\amocl\OneDrive\Escritorio\LP2_T2\LPII_CL2_CABRERACASTANEDACARLOS\src\test\resources
2024-10-12 21:10:33,082 [Worker-39] WARN  o.e.m.c.i.embedder.EclipseLogger - Using platform encoding (Cp1252 actually) to copy filtered resources, i.e. build is platform dependent!
2024-10-12 21:10:33,084 [Worker-39] INFO  o.e.m.c.i.embedder.EclipseLogger - Copying 0 resource
2024-10-12 21:10:33,084 [Worker-39] WARN  o.e.m.c.i.embedder.EclipseLogger - Using platform encoding (Cp1252 actually) to copy filtered resources, i.e. build is platform dependent!
2024-10-12 21:10:33,085 [Worker-39] INFO  o.e.m.c.i.embedder.EclipseLogger - skip non existing resourceDirectory C:\Users\amocl\OneDrive\Escritorio\LP2_T2\LPII_CL2_CABRERACASTANEDACARLOS\src\test\resources
2024-10-12 21:10:46,705 [Worker-38] WARN  o.e.m.c.i.embedder.EclipseLogger - Using platform encoding (Cp1252 actually) to copy filtered resources, i.e. build is platform dependent!
2024-10-12 21:10:46,706 [Worker-38] INFO  o.e.m.c.i.embedder.EclipseLogger - Copying 0 resource
2024-10-12 21:10:46,707 [Worker-38] WARN  o.e.m.c.i.embedder.EclipseLogger - Using platform encoding (Cp1252 actually) to copy filtered resources, i.e. build is platform dependent!
2024-10-12 21:10:46,707 [Worker-38] INFO  o.e.m.c.i.embedder.EclipseLogger - skip non existing resourceDirectory C:\Users\amocl\OneDrive\Escritorio\LP2_T2\LPII_CL2_CABRERACASTANEDACARLOS\src\test\resources
2024-10-12 21:11:04,169 [Worker-42] WARN  o.e.m.c.i.embedder.EclipseLogger - Using platform encoding (Cp1252 actually) to copy filtered resources, i.e. build is platform dependent!
2024-10-12 21:11:04,170 [Worker-42] INFO  o.e.m.c.i.embedder.EclipseLogger - Copying 0 resource
2024-10-12 21:11:04,171 [Worker-42] WARN  o.e.m.c.i.embedder.EclipseLogger - Using platform encoding (Cp1252 actually) to copy filtered resources, i.e. build is platform dependent!
2024-10-12 21:11:04,172 [Worker-42] INFO  o.e.m.c.i.embedder.EclipseLogger - skip non existing resourceDirectory C:\Users\amocl\OneDrive\Escritorio\LP2_T2\LPII_CL2_CABRERACASTANEDACARLOS\src\test\resources
2024-10-12 21:16:40,539 [Worker-42] WARN  o.e.m.c.i.embedder.EclipseLogger - Using platform encoding (Cp1252 actually) to copy filtered resources, i.e. build is platform dependent!
2024-10-12 21:16:40,541 [Worker-42] INFO  o.e.m.c.i.embedder.EclipseLogger - Copying 0 resource
2024-10-12 21:16:40,542 [Worker-42] WARN  o.e.m.c.i.embedder.EclipseLogger - Using platform encoding (Cp1252 actually) to copy filtered resources, i.e. build is platform dependent!
2024-10-12 21:16:40,542 [Worker-42] INFO  o.e.m.c.i.embedder.EclipseLogger - skip non existing resourceDirectory C:\Users\amocl\OneDrive\Escritorio\LP2_T2\LPII_CL2_CABRERACASTANEDACARLOS\src\test\resources
2024-10-12 21:16:49,618 [Worker-46] WARN  o.e.m.c.i.embedder.EclipseLogger - Using platform encoding (Cp1252 actually) to copy filtered resources, i.e. build is platform dependent!
2024-10-12 21:16:49,620 [Worker-46] INFO  o.e.m.c.i.embedder.EclipseLogger - Copying 0 resource
2024-10-12 21:16:49,620 [Worker-46] WARN  o.e.m.c.i.embedder.EclipseLogger - Using platform encoding (Cp1252 actually) to copy filtered resources, i.e. build is platform dependent!
2024-10-12 21:16:49,621 [Worker-46] INFO  o.e.m.c.i.embedder.EclipseLogger - skip non existing resourceDirectory C:\Users\amocl\OneDrive\Escritorio\LP2_T2\LPII_CL2_CABRERACASTANEDACARLOS\src\test\resources
2024-10-12 21:18:02,636 [Worker-44] WARN  o.e.m.c.i.embedder.EclipseLogger - Using platform encoding (Cp1252 actually) to copy filtered resources, i.e. build is platform dependent!
2024-10-12 21:18:02,637 [Worker-44] INFO  o.e.m.c.i.embedder.EclipseLogger - Copying 0 resource
2024-10-12 21:18:02,638 [Worker-44] WARN  o.e.m.c.i.embedder.EclipseLogger - Using platform encoding (Cp1252 actually) to copy filtered resources, i.e. build is platform dependent!
2024-10-12 21:18:02,639 [Worker-44] INFO  o.e.m.c.i.embedder.EclipseLogger - skip non existing resourceDirectory C:\Users\amocl\OneDrive\Escritorio\LP2_T2\LPII_CL2_CABRERACASTANEDACARLOS\src\test\resources
2024-10-12 21:19:36,568 [Worker-46] WARN  o.e.m.c.i.embedder.EclipseLogger - Using platform encoding (Cp1252 actually) to copy filtered resources, i.e. build is platform dependent!
2024-10-12 21:19:36,569 [Worker-46] INFO  o.e.m.c.i.embedder.EclipseLogger - Copying 0 resource
2024-10-12 21:19:36,570 [Worker-46] WARN  o.e.m.c.i.embedder.EclipseLogger - Using platform encoding (Cp1252 actually) to copy filtered resources, i.e. build is platform dependent!
2024-10-12 21:19:36,571 [Worker-46] INFO  o.e.m.c.i.embedder.EclipseLogger - skip non existing resourceDirectory C:\Users\amocl\OneDrive\Escritorio\LP2_T2\LPII_CL2_CABRERACASTANEDACARLOS\src\test\resources
2024-10-12 21:26:12,113 [Worker-42] WARN  o.e.m.c.i.embedder.EclipseLogger - Using platform encoding (Cp1252 actually) to copy filtered resources, i.e. build is platform dependent!
2024-10-12 21:26:12,115 [Worker-42] INFO  o.e.m.c.i.embedder.EclipseLogger - Copying 0 resource
2024-10-12 21:26:12,115 [Worker-42] WARN  o.e.m.c.i.embedder.EclipseLogger - Using platform encoding (Cp1252 actually) to copy filtered resources, i.e. build is platform dependent!
2024-10-12 21:26:12,116 [Worker-42] INFO  o.e.m.c.i.embedder.EclipseLogger - skip non existing resourceDirectory C:\Users\amocl\OneDrive\Escritorio\LP2_T2\LPII_CL2_CABRERACASTANEDACARLOS\src\test\resources
2024-10-12 21:27:27,827 [Worker-44] WARN  o.e.m.c.i.embedder.EclipseLogger - Using platform encoding (Cp1252 actually) to copy filtered resources, i.e. build is platform dependent!
2024-10-12 21:27:27,828 [Worker-44] INFO  o.e.m.c.i.embedder.EclipseLogger - Copying 0 resource
2024-10-12 21:27:27,829 [Worker-44] WARN  o.e.m.c.i.embedder.EclipseLogger - Using platform encoding (Cp1252 actually) to copy filtered resources, i.e. build is platform dependent!
2024-10-12 21:27:27,830 [Worker-44] INFO  o.e.m.c.i.embedder.EclipseLogger - skip non existing resourceDirectory C:\Users\amocl\OneDrive\Escritorio\LP2_T2\LPII_CL2_CABRERACASTANEDACARLOS\src\test\resources
2024-10-12 21:29:08,048 [Worker-25] WARN  o.e.m.c.i.embedder.EclipseLogger - Using platform encoding (Cp1252 actually) to copy filtered resources, i.e. build is platform dependent!
2024-10-12 21:29:08,049 [Worker-25] INFO  o.e.m.c.i.embedder.EclipseLogger - Copying 0 resource
2024-10-12 21:29:08,050 [Worker-25] WARN  o.e.m.c.i.embedder.EclipseLogger - Using platform encoding (Cp1252 actually) to copy filtered resources, i.e. build is platform dependent!
2024-10-12 21:29:08,050 [Worker-25] INFO  o.e.m.c.i.embedder.EclipseLogger - skip non existing resourceDirectory C:\Users\amocl\OneDrive\Escritorio\LP2_T2\LPII_CL2_CABRERACASTANEDACARLOS\src\test\resources
2024-10-12 21:29:40,518 [Worker-44] WARN  o.e.m.c.i.embedder.EclipseLogger - Using platform encoding (Cp1252 actually) to copy filtered resources, i.e. build is platform dependent!
2024-10-12 21:29:40,519 [Worker-44] INFO  o.e.m.c.i.embedder.EclipseLogger - Copying 0 resource
2024-10-12 21:29:40,520 [Worker-44] WARN  o.e.m.c.i.embedder.EclipseLogger - Using platform encoding (Cp1252 actually) to copy filtered resources, i.e. build is platform dependent!
2024-10-12 21:29:40,521 [Worker-44] INFO  o.e.m.c.i.embedder.EclipseLogger - skip non existing resourceDirectory C:\Users\amocl\OneDrive\Escritorio\LP2_T2\LPII_CL2_CABRERACASTANEDACARLOS\src\test\resources
2024-10-12 21:30:04,459 [Worker-45] WARN  o.e.m.c.i.embedder.EclipseLogger - Using platform encoding (Cp1252 actually) to copy filtered resources, i.e. build is platform dependent!
2024-10-12 21:30:04,460 [Worker-45] INFO  o.e.m.c.i.embedder.EclipseLogger - Copying 0 resource
2024-10-12 21:30:04,460 [Worker-45] WARN  o.e.m.c.i.embedder.EclipseLogger - Using platform encoding (Cp1252 actually) to copy filtered resources, i.e. build is platform dependent!
